<?xml version="1.0" encoding="UTF-8"?>
<testng-results ignored="0" total="2" passed="2" failed="0" skipped="0">
  <reporter-output>
  </reporter-output>
  <suite started-at="2023-09-17T21:29:00 IST" name="Suite" finished-at="2023-09-17T21:29:14 IST" duration-ms="14453">
    <groups>
    </groups>
    <test started-at="2023-09-17T21:29:00 IST" name="Test" finished-at="2023-09-17T21:29:14 IST" duration-ms="14453">
      <class name="org.server.URL_Check">
        <test-method is-config="true" signature="beforeMethod()[pri:0, instance:org.server.URL_Check@759d26fb]" started-at="2023-09-17T21:29:00 IST" name="beforeMethod" finished-at="2023-09-17T21:29:01 IST" duration-ms="1722" status="PASS">
          <reporter-output>
          </reporter-output>
        </test-method> <!-- beforeMethod -->
        <test-method signature="onboarding()[pri:1, instance:org.server.URL_Check@759d26fb]" started-at="2023-09-17T21:29:01 IST" name="onboarding" finished-at="2023-09-17T21:29:09 IST" duration-ms="7938" status="PASS">
          <reporter-output>
          </reporter-output>
        </test-method> <!-- onboarding -->
        <test-method is-config="true" signature="afterMethod()[pri:0, instance:org.server.URL_Check@759d26fb]" started-at="2023-09-17T21:29:09 IST" name="afterMethod" finished-at="2023-09-17T21:29:09 IST" duration-ms="55" status="PASS">
          <reporter-output>
          </reporter-output>
        </test-method> <!-- afterMethod -->
        <test-method is-config="true" signature="beforeMethod()[pri:0, instance:org.server.URL_Check@759d26fb]" started-at="2023-09-17T21:29:09 IST" name="beforeMethod" finished-at="2023-09-17T21:29:10 IST" duration-ms="558" status="PASS">
          <reporter-output>
          </reporter-output>
        </test-method> <!-- beforeMethod -->
        <test-method signature="login()[pri:2, instance:org.server.URL_Check@759d26fb]" started-at="2023-09-17T21:29:10 IST" name="login" finished-at="2023-09-17T21:29:14 IST" duration-ms="4076" status="PASS">
          <reporter-output>
          </reporter-output>
        </test-method> <!-- login -->
        <test-method is-config="true" signature="afterMethod()[pri:0, instance:org.server.URL_Check@759d26fb]" started-at="2023-09-17T21:29:14 IST" name="afterMethod" finished-at="2023-09-17T21:29:14 IST" duration-ms="62" status="PASS">
          <reporter-output>
          </reporter-output>
        </test-method> <!-- afterMethod -->
      </class> <!-- org.server.URL_Check -->
    </test> <!-- Test -->
  </suite> <!-- Suite -->
</testng-results>
